<?xml version="1.0" encoding="UTF-8"?>
<testsuite name="com.bridgelabz.AdditionOne" tests="1" skipped="0" failures="0" errors="0" timestamp="2022-12-02T05:10:22" hostname="asus-VivoBook-ASUSLaptop-X415EA-X415EA" time="0.011">
  <properties/>
  <testcase name="givenTwoNos_Addition()" classname="com.bridgelabz.AdditionOne" time="0.011"/>
  <system-out><![CDATA[]]></system-out>
  <system-err><![CDATA[]]></system-err>
</testsuite>
